#
# A fatal error has been detected by the Java Runtime Environment:
#
#  EXCEPTION_ACCESS_VIOLATION (0xc0000005) at pc=0x6c5daa3d, pid=9872, tid=16788
#
# JRE version: Java(TM) SE Runtime Environment (8.0_66-b18) (build 1.8.0_66-b18)
# Java VM: Java HotSpot(TM) Client VM (25.66-b18 mixed mode windows-x86 )
# Problematic frame:
# V  [jvm.dll+0xcaa3d]
#
# Failed to write core dump. Minidumps are not enabled by default on client versions of Windows
#
# If you would like to submit a bug report, please visit:
#   http://bugreport.java.com/bugreport/crash.jsp
#

---------------  T H R E A D  ---------------

Current thread (0x1549d400):  JavaThread "JDWP Transport Listener: dt_socket" daemon [_thread_in_vm, id=16788, stack(0x15a20000,0x15a70000)]

siginfo: ExceptionCode=0xc0000005, reading address 0x0056293b

Registers:
EAX=0x0056293b, EBX=0x00000000, ECX=0x0056293b, EDX=0x00000000
ESP=0x15a6f338, EBP=0x15a6f33c, ESI=0x1549d400, EDI=0x014c8378
EIP=0x6c5daa3d, EFLAGS=0x00010202

Top of Stack: (sp=0x15a6f338)
0x15a6f338:   1549d400 15a6f364 6c737914 0056293b
0x15a6f348:   15a6f41c 15a6f39f 1549d400 00000000
0x15a6f358:   00000000 00000000 1549d400 15a6f3a0
0x15a6f368:   6d8e9f80 014c8378 0056293b 15a6f39f
0x15a6f378:   0056293b 6d8d436d 0056293b 15a6f39f
0x15a6f388:   00000007 00000000 00000000 00000008
0x15a6f398:   00000000 00464000 15a6f3c0 6d8d44e0
0x15a6f3a8:   00000001 15a6f3dc 15a6f418 15608088 

Instructions: (pc=0x6c5daa3d)
0x6c5daa1d:   5d c3 52 e8 5b f9 ff ff 5d c3 cc cc cc cc cc cc
0x6c5daa2d:   cc cc cc 55 8b ec 8b 45 08 85 c0 75 02 5d c3 56
0x6c5daa3d:   8b 30 85 f6 74 17 83 fe 37 74 12 8b 06 8b 50 08
0x6c5daa4d:   8b ce ff d2 84 c0 74 05 8b c6 5e 5d c3 33 c0 5e 


Register to memory mapping:

EAX=0x0056293b is an unknown value
EBX=0x00000000 is an unknown value
ECX=0x0056293b is an unknown value
EDX=0x00000000 is an unknown value
ESP=0x15a6f338 is pointing into the stack for thread: 0x1549d400
EBP=0x15a6f33c is pointing into the stack for thread: 0x1549d400
ESI=0x1549d400 is a thread
EDI=0x014c8378 is an unknown value


Stack: [0x15a20000,0x15a70000],  sp=0x15a6f338,  free space=316k
Native frames: (J=compiled Java code, j=interpreted, Vv=VM code, C=native code)
V  [jvm.dll+0xcaa3d]
V  [jvm.dll+0x227914]
C  [jdwp.dll+0x19f80]
C  [jdwp.dll+0x44e0]
C  [jdwp.dll+0x451e]
C  0x4c531501


---------------  P R O C E S S  ---------------

Java Threads: ( => current thread )
  0x154ad400 JavaThread "Service Thread" daemon [_thread_blocked, id=18672, stack(0x15c60000,0x15cb0000)]
  0x154ac400 JavaThread "C1 CompilerThread0" daemon [_thread_blocked, id=17508, stack(0x15bd0000,0x15c20000)]
  0x154a2c00 JavaThread "JDWP Command Reader" daemon [_thread_in_native, id=20308, stack(0x15b40000,0x15b90000)]
  0x154a0000 JavaThread "JDWP Event Helper Thread" daemon [_thread_blocked, id=19276, stack(0x15ab0000,0x15b00000)]
=>0x1549d400 JavaThread "JDWP Transport Listener: dt_socket" daemon [_thread_in_vm, id=16788, stack(0x15a20000,0x15a70000)]
  0x1548f400 JavaThread "Attach Listener" daemon [_thread_blocked, id=16388, stack(0x15990000,0x159e0000)]
  0x1548d400 JavaThread "Signal Dispatcher" daemon [_thread_blocked, id=18768, stack(0x15900000,0x15950000)]
  0x15469400 JavaThread "Finalizer" daemon [_thread_blocked, id=20144, stack(0x15780000,0x157d0000)]
  0x15464800 JavaThread "Reference Handler" daemon [_thread_blocked, id=19604, stack(0x156f0000,0x15740000)]
  0x014cdc00 JavaThread "main" [_thread_blocked, id=11308, stack(0x01560000,0x015b0000)]

Other Threads:
  0x15460400 VMThread [stack: 0x15660000,0x156b0000] [id=21288]
  0x154b7400 WatcherThread [stack: 0x15cf0000,0x15d40000] [id=17308]

VM state:not at safepoint (normal execution)

VM Mutex/Monitor currently owned by a thread: None

Heap:
 def new generation   total 21248K, used 12962K [0x05000000, 0x06700000, 0x0a550000)
  eden space 18944K,  56% used [0x05000000, 0x05a68980, 0x06280000)
  from space 2304K, 100% used [0x06280000, 0x064c0000, 0x064c0000)
  to   space 2304K,   0% used [0x064c0000, 0x064c0000, 0x06700000)
 tenured generation   total 47020K, used 35847K [0x0a550000, 0x0d33b000, 0x15000000)
   the space 47020K,  76% used [0x0a550000, 0x0c851c08, 0x0c851e00, 0x0d33b000)
 Metaspace       used 2095K, capacity 2280K, committed 2368K, reserved 4480K

Card table byte_map: [0x04ec0000,0x04f50000] byte_map_base: 0x04e98000

Polling page: 0x015b0000

CodeCache: size=32768Kb used=902Kb max_used=902Kb free=31865Kb
 bounds [0x02e40000, 0x02f28000, 0x04e40000]
 total_blobs=302 nmethods=154 adapters=88
 compilation: enabled

Compilation events (10 events):
Event: 0.739 Thread 0x154ac400  149             java.lang.Math::max (12 bytes)
Event: 0.739 Thread 0x154ac400 nmethod 149 0x02f1f488 code [0x02f1f580, 0x02f1f610]
Event: 0.739 Thread 0x154ac400  150             sun.nio.ch.ChannelInputStream::available (54 bytes)
Event: 0.740 Thread 0x154ac400 nmethod 150 0x02f1f648 code [0x02f1f770, 0x02f1f928]
Event: 0.740 Thread 0x154ac400  151   !         sun.nio.ch.FileChannelImpl::size (239 bytes)
Event: 0.741 Thread 0x154ac400 nmethod 151 0x02f1fa08 code [0x02f1fbb0, 0x02f20238]
Event: 0.741 Thread 0x154ac400  152             sun.nio.ch.FileDispatcherImpl::size (5 bytes)
Event: 0.741 Thread 0x154ac400 nmethod 152 0x02f208c8 code [0x02f209c0, 0x02f20a5c]
Event: 0.741 Thread 0x154ac400  154   !         sun.nio.ch.FileChannelImpl::position (258 bytes)
Event: 0.742 Thread 0x154ac400 nmethod 154 0x02f20ac8 code [0x02f20c80, 0x02f21364]

GC Heap History (10 events):
Event: 0.515 GC heap before
{Heap before GC invocations=5 (full 1):
 def new generation   total 11456K, used 11456K [0x05000000, 0x05c60000, 0x0a550000)
  eden space 10240K, 100% used [0x05000000, 0x05a00000, 0x05a00000)
  from space 1216K, 100% used [0x05b30000, 0x05c60000, 0x05c60000)
  to   space 1216K,   0% used [0x05a00000, 0x05a00000, 0x05b30000)
 tenured generation   total 25320K, used 21993K [0x0a550000, 0x0be0a000, 0x15000000)
   the space 25320K,  86% used [0x0a550000, 0x0baca750, 0x0baca800, 0x0be0a000)
 Metaspace       used 2068K, capacity 2280K, committed 2368K, reserved 4480K
Event: 0.581 GC heap after
Heap after GC invocations=6 (full 2):
 def new generation   total 21248K, used 1215K [0x05000000, 0x06700000, 0x0a550000)
  eden space 18944K,   6% used [0x05000000, 0x0512ffd0, 0x06280000)
  from space 2304K,   0% used [0x06280000, 0x06280000, 0x064c0000)
  to   space 2304K,   0% used [0x064c0000, 0x064c0000, 0x06700000)
 tenured generation   total 47020K, used 28211K [0x0a550000, 0x0d33b000, 0x15000000)
   the space 47020K,  59% used [0x0a550000, 0x0c0dceb8, 0x0c0dd000, 0x0d33b000)
 Metaspace       used 2068K, capacity 2280K, committed 2368K, reserved 4480K
}
Event: 0.621 GC heap before
{Heap before GC invocations=6 (full 2):
 def new generation   total 21248K, used 18944K [0x05000000, 0x06700000, 0x0a550000)
  eden space 18944K, 100% used [0x05000000, 0x06280000, 0x06280000)
  from space 2304K,   0% used [0x06280000, 0x06280000, 0x064c0000)
  to   space 2304K,   0% used [0x064c0000, 0x064c0000, 0x06700000)
 tenured generation   total 47020K, used 28211K [0x0a550000, 0x0d33b000, 0x15000000)
   the space 47020K,  59% used [0x0a550000, 0x0c0dceb8, 0x0c0dd000, 0x0d33b000)
 Metaspace       used 2068K, capacity 2280K, committed 2368K, reserved 4480K
Event: 0.667 GC heap after
Heap after GC invocations=7 (full 2):
 def new generation   total 21248K, used 2303K [0x05000000, 0x06700000, 0x0a550000)
  eden space 18944K,   0% used [0x05000000, 0x05000000, 0x06280000)
  from space 2304K,  99% used [0x064c0000, 0x066ffff8, 0x06700000)
  to   space 2304K,   0% used [0x06280000, 0x06280000, 0x064c0000)
 tenured generation   total 47020K, used 37732K [0x0a550000, 0x0d33b000, 0x15000000)
   the space 47020K,  80% used [0x0a550000, 0x0ca29378, 0x0ca29400, 0x0d33b000)
 Metaspace       used 2068K, capacity 2280K, committed 2368K, reserved 4480K
}
Event: 0.748 GC heap before
{Heap before GC invocations=7 (full 2):
 def new generation   total 21248K, used 21247K [0x05000000, 0x06700000, 0x0a550000)
  eden space 18944K, 100% used [0x05000000, 0x06280000, 0x06280000)
  from space 2304K,  99% used [0x064c0000, 0x066ffff8, 0x06700000)
  to   space 2304K,   0% used [0x06280000, 0x06280000, 0x064c0000)
 tenured generation   total 47020K, used 37732K [0x0a550000, 0x0d33b000, 0x15000000)
   the space 47020K,  80% used [0x0a550000, 0x0ca29378, 0x0ca29400, 0x0d33b000)
 Metaspace       used 2080K, capacity 2280K, committed 2368K, reserved 4480K
Event: 0.802 GC heap after
Heap after GC invocations=8 (full 3):
 def new generation   total 21248K, used 0K [0x05000000, 0x06700000, 0x0a550000)
  eden space 18944K,   0% used [0x05000000, 0x05000000, 0x06280000)
  from space 2304K,   0% used [0x06280000, 0x06280000, 0x064c0000)
  to   space 2304K,   0% used [0x064c0000, 0x064c0000, 0x06700000)
 tenured generation   total 47020K, used 12156K [0x0a550000, 0x0d33b000, 0x15000000)
   the space 47020K,  25% used [0x0a550000, 0x0b12f038, 0x0b12f200, 0x0d33b000)
 Metaspace       used 2080K, capacity 2280K, committed 2368K, reserved 4480K
}
Event: 0.855 GC heap before
{Heap before GC invocations=8 (full 3):
 def new generation   total 21248K, used 18944K [0x05000000, 0x06700000, 0x0a550000)
  eden space 18944K, 100% used [0x05000000, 0x06280000, 0x06280000)
  from space 2304K,   0% used [0x06280000, 0x06280000, 0x064c0000)
  to   space 2304K,   0% used [0x064c0000, 0x064c0000, 0x06700000)
 tenured generation   total 47020K, used 12156K [0x0a550000, 0x0d33b000, 0x15000000)
   the space 47020K,  25% used [0x0a550000, 0x0b12f038, 0x0b12f200, 0x0d33b000)
 Metaspace       used 2080K, capacity 2280K, committed 2368K, reserved 4480K
Event: 0.874 GC heap after
Heap after GC invocations=9 (full 3):
 def new generation   total 21248K, used 2304K [0x05000000, 0x06700000, 0x0a550000)
  eden space 18944K,   0% used [0x05000000, 0x05000000, 0x06280000)
  from space 2304K, 100% used [0x064c0000, 0x06700000, 0x06700000)
  to   space 2304K,   0% used [0x06280000, 0x06280000, 0x064c0000)
 tenured generation   total 47020K, used 24317K [0x0a550000, 0x0d33b000, 0x15000000)
   the space 47020K,  51% used [0x0a550000, 0x0bd0f5e0, 0x0bd0f600, 0x0d33b000)
 Metaspace       used 2080K, capacity 2280K, committed 2368K, reserved 4480K
}
Event: 0.915 GC heap before
{Heap before GC invocations=9 (full 3):
 def new generation   total 21248K, used 21248K [0x05000000, 0x06700000, 0x0a550000)
  eden space 18944K, 100% used [0x05000000, 0x06280000, 0x06280000)
  from space 2304K, 100% used [0x064c0000, 0x06700000, 0x06700000)
  to   space 2304K,   0% used [0x06280000, 0x06280000, 0x064c0000)
 tenured generation   total 47020K, used 24317K [0x0a550000, 0x0d33b000, 0x15000000)
   the space 47020K,  51% used [0x0a550000, 0x0bd0f5e0, 0x0bd0f600, 0x0d33b000)
 Metaspace       used 2080K, capacity 2280K, committed 2368K, reserved 4480K
Event: 0.942 GC heap after
Heap after GC invocations=10 (full 3):
 def new generation   total 21248K, used 2304K [0x05000000, 0x06700000, 0x0a550000)
  eden space 18944K,   0% used [0x05000000, 0x05000000, 0x06280000)
  from space 2304K, 100% used [0x06280000, 0x064c0000, 0x064c0000)
  to   space 2304K,   0% used [0x064c0000, 0x064c0000, 0x06700000)
 tenured generation   total 47020K, used 35847K [0x0a550000, 0x0d33b000, 0x15000000)
   the space 47020K,  76% used [0x0a550000, 0x0c851c08, 0x0c851e00, 0x0d33b000)
 Metaspace       used 2080K, capacity 2280K, committed 2368K, reserved 4480K
}

Deoptimization events (0 events):
No events

Internal exceptions (2 events):
Event: 0.083 Thread 0x014cdc00 Exception <a 'java/lang/NoSuchMethodError': Method sun.misc.Unsafe.defineClass(Ljava/lang/String;[BII)Ljava/lang/Class; name or signature does not match> (0x0500d1d0) thrown at [C:\re\workspace\8-2-build-windows-i586-cygwin\jdk8u66\5298\hotspot\src\share\v.„ùfïVµ?
Event: 0.083 Thread 0x014cdc00 Exception <a 'java/lang/NoSuchMethodError': Method sun.misc.Unsafe.prefetchRead(Ljava/lang/Object;J)V name or signature does not match> (0x0500d4a0) thrown at [C:\re\workspace\8-2-build-windows-i586-cygwin\jdk8u66\5298\hotspot\src\share\vm\prims\jni.cpp, l

Events (10 events):
Event: 7664.392 Executing VM operation: ForceSafepoint
Event: 7664.392 Executing VM operation: ForceSafepoint done
Event: 7664.416 Executing VM operation: ForceSafepoint
Event: 7664.416 Executing VM operation: ForceSafepoint done
Event: 7672.783 Executing VM operation: ChangeBreakpoints
Event: 7672.784 Executing VM operation: ChangeBreakpoints done
Event: 7672.784 Executing VM operation: ChangeBreakpoints
Event: 7672.784 Executing VM operation: ChangeBreakpoints done
Event: 7672.792 Executing VM operation: RedefineClasses
Event: 7672.796 Executing VM operation: RedefineClasses done


Dynamic libraries:
0x001e0000 - 0x00213000 	E:\Program Files (x86)\Java\jdk1.8.0_66\bin\java.exe
0x776c0000 - 0x77843000 	C:\WINDOWS\SYSTEM32\ntdll.dll
0x76eb0000 - 0x76f90000 	C:\WINDOWS\System32\KERNEL32.DLL
0x77510000 - 0x776b1000 	C:\WINDOWS\System32\KERNELBASE.dll
0x66950000 - 0x669e2000 	C:\WINDOWS\system32\apphelp.dll
0x76c10000 - 0x76c87000 	C:\WINDOWS\System32\ADVAPI32.dll
0x74a20000 - 0x74ade000 	C:\WINDOWS\System32\msvcrt.dll
0x76000000 - 0x76041000 	C:\WINDOWS\System32\sechost.dll
0x76b00000 - 0x76bc1000 	C:\WINDOWS\System32\RPCRT4.dll
0x74160000 - 0x7417e000 	C:\WINDOWS\System32\SspiCli.dll
0x74150000 - 0x7415a000 	C:\WINDOWS\System32\CRYPTBASE.dll
0x76520000 - 0x7657a000 	C:\WINDOWS\System32\bcryptPrimitives.dll
0x768f0000 - 0x76a4f000 	C:\WINDOWS\System32\USER32.dll
0x76c90000 - 0x76ca5000 	C:\WINDOWS\System32\win32u.dll
0x762c0000 - 0x762eb000 	C:\WINDOWS\System32\GDI32.dll
0x76cd0000 - 0x76e2b000 	C:\WINDOWS\System32\gdi32full.dll
0x73ed0000 - 0x740da000 	C:\WINDOWS\WinSxS\x86_microsoft.windows.common-controls_6595b64144ccf1df_6.0.14393.953_none_89c2555adb023171\COMCTL32.dll
0x76580000 - 0x76791000 	C:\WINDOWS\System32\combase.dll
0x75ec0000 - 0x75fa0000 	C:\WINDOWS\System32\ucrtbase.dll
0x76be0000 - 0x76c05000 	C:\WINDOWS\System32\IMM32.DLL
0x77b00000 - 0x77bbf000 	E:\Program Files (x86)\Java\jdk1.8.0_66\jre\bin\msvcr100.dll
0x6c510000 - 0x6c8d5000 	E:\Program Files (x86)\Java\jdk1.8.0_66\jre\bin\client\jvm.dll
0x76510000 - 0x76516000 	C:\WINDOWS\System32\PSAPI.DLL
0x73ec0000 - 0x73ec8000 	C:\WINDOWS\SYSTEM32\WSOCK32.dll
0x70880000 - 0x708a4000 	C:\WINDOWS\SYSTEM32\WINMM.dll
0x74130000 - 0x74138000 	C:\WINDOWS\SYSTEM32\VERSION.dll
0x764a0000 - 0x76503000 	C:\WINDOWS\System32\WS2_32.dll
0x70330000 - 0x70353000 	C:\WINDOWS\SYSTEM32\WINMMBASE.dll
0x76840000 - 0x76876000 	C:\WINDOWS\System32\cfgmgr32.dll
0x50530000 - 0x5053c000 	E:\Program Files (x86)\Java\jdk1.8.0_66\jre\bin\verify.dll
0x6d9e0000 - 0x6da01000 	E:\Program Files (x86)\Java\jdk1.8.0_66\jre\bin\java.dll
0x6d8d0000 - 0x6d8f9000 	E:\Program Files (x86)\Java\jdk1.8.0_66\jre\bin\jdwp.dll
0x500b0000 - 0x500b7000 	E:\Program Files (x86)\Java\jdk1.8.0_66\jre\bin\npt.dll
0x6fa70000 - 0x6fa83000 	E:\Program Files (x86)\Java\jdk1.8.0_66\jre\bin\zip.dll
0x74ae0000 - 0x75eb8000 	C:\WINDOWS\System32\SHELL32.dll
0x76fa0000 - 0x7750e000 	C:\WINDOWS\System32\windows.storage.dll
0x76350000 - 0x76395000 	C:\WINDOWS\System32\powrprof.dll
0x74800000 - 0x74846000 	C:\WINDOWS\System32\shlwapi.dll
0x76bd0000 - 0x76bdd000 	C:\WINDOWS\System32\kernel.appcore.dll
0x76070000 - 0x760f8000 	C:\WINDOWS\System32\shcore.dll
0x76490000 - 0x7649f000 	C:\WINDOWS\System32\profapi.dll
0x500a0000 - 0x500a8000 	E:\Program Files (x86)\Java\jdk1.8.0_66\jre\bin\dt_socket.dll
0x70b30000 - 0x70b7e000 	C:\WINDOWS\system32\mswsock.dll
0x6ff70000 - 0x6ff86000 	E:\Program Files (x86)\Java\jdk1.8.0_66\jre\bin\net.dll
0x6f820000 - 0x6f82f000 	E:\Program Files (x86)\Java\jdk1.8.0_66\jre\bin\nio.dll
0x6e960000 - 0x6eaa5000 	C:\WINDOWS\SYSTEM32\dbghelp.dll

VM Arguments:
jvm_args: -agentlib:jdwp=transport=dt_socket,address=127.0.0.1:42110,suspend=y,server=n -Dfile.encoding=UTF-8 
java_command: nrnoble.Main2
java_class_path (initial): E:\Program Files (x86)\Java\jdk1.8.0_66\jre\lib\charsets.jar;E:\Program Files (x86)\Java\jdk1.8.0_66\jre\lib\deploy.jar;E:\Program Files (x86)\Java\jdk1.8.0_66\jre\lib\ext\access-bridge-32.jar;E:\Program Files (x86)\Java\jdk1.8.0_66\jre\lib\ext\cldrdata.jar;E:\Program Files (x86)\Java\jdk1.8.0_66\jre\lib\ext\dnsns.jar;E:\Program Files (x86)\Java\jdk1.8.0_66\jre\lib\ext\jaccess.jar;E:\Program Files (x86)\Java\jdk1.8.0_66\jre\lib\ext\jfxrt.jar;E:\Program Files (x86)\Java\jdk1.8.0_66\jre\lib\ext\localedata.jar;E:\Program Files (x86)\Java\jdk1.8.0_66\jre\lib\ext\nashorn.jar;E:\Program Files (x86)\Java\jdk1.8.0_66\jre\lib\ext\sunec.jar;E:\Program Files (x86)\Java\jdk1.8.0_66\jre\lib\ext\sunjce_provider.jar;E:\Program Files (x86)\Java\jdk1.8.0_66\jre\lib\ext\sunmscapi.jar;E:\Program Files (x86)\Java\jdk1.8.0_66\jre\lib\ext\sunpkcs11.jar;E:\Program Files (x86)\Java\jdk1.8.0_66\jre\lib\ext\zipfs.jar;E:\Program Files (x86)\Java\jdk1.8.0_66\jre\lib\javaws.jar;E:\Program Files (x86)\Java\jdk1.8.0_66\jre\lib\jce.jar;E:\Program Files (x86)\Java\jdk1.8.0_66\jre\lib\jfr.jar;E:\Program Files (x86)\Java\jdk1.8.0_66\jre\lib\jfxswt.jar;E:\Program Files (x86)\Java\jdk1.8.0_66\jre\lib\jsse.jar;E:\Program Files (x86)\Java\jdk1.8.0_66\jre\lib\management-agent.jar;E:\Program Files (x86)\Java\jdk1.8.0_66\jre\lib\plugin.jar;E:\Program Files (x86)\Java\jdk1.8.0_66\jre\lib\resources.jar;E:\Program Files (x86)\Java\jdk1.8.0_66\jre\lib\rt.jar;E:\Data\Github\it333\Iterative Binary Search Tree\out\production\Iterative Binary Search Tree;E:\Program Files (x86)\JetBrains\IntelliJ IDEA 2016.1.4\lib\idea_rt.jar
Launcher Type: SUN_STANDARD

Environment Variables:
USERNAME=Neal
OS=Windows_NT
PROCESSOR_IDENTIFIER=Intel64 Family 6 Model 26 Stepping 5, GenuineIntel



---------------  S Y S T E M  ---------------

OS: Windows 10.0 , 64 bit Build 14393 (10.0.14393.1198)

CPU:total 8 (4 cores per cpu, 2 threads per core) family 6 model 26 stepping 5, cmov, cx8, fxsr, mmx, sse, sse2, sse3, ssse3, sse4.1, sse4.2, popcnt, ht, tsc, tscinvbit, tscinv

Memory: 4k page, physical 25156788k(12605472k free), swap 49348116k(26609532k free)

vm_info: Java HotSpot(TM) Client VM (25.66-b18) for windows-x86 JRE (1.8.0_66-b18), built on Nov  9 2015 10:58:29 by "java_re" with MS VC++ 10.0 (VS2010)

time: Wed May 17 01:30:57 2017
elapsed time: 7672 seconds (0d 2h 7m 52s)

