#
# A fatal error has been detected by the Java Runtime Environment:
#
#  EXCEPTION_ACCESS_VIOLATION (0xc0000005) at pc=0x6c5daa3d, pid=19728, tid=2452
#
# JRE version: Java(TM) SE Runtime Environment (8.0_66-b18) (build 1.8.0_66-b18)
# Java VM: Java HotSpot(TM) Client VM (25.66-b18 mixed mode windows-x86 )
# Problematic frame:
# V  [jvm.dll+0xcaa3d]
#
# Failed to write core dump. Minidumps are not enabled by default on client versions of Windows
#
# If you would like to submit a bug report, please visit:
#   http://bugreport.java.com/bugreport/crash.jsp
#

---------------  T H R E A D  ---------------

Current thread (0x1569d400):  JavaThread "JDWP Transport Listener: dt_socket" daemon [_thread_in_vm, id=2452, stack(0x15be0000,0x15c30000)]

siginfo: ExceptionCode=0xc0000005, reading address 0x003b002a

Registers:
EAX=0x003b002a, EBX=0x00000000, ECX=0x003b002a, EDX=0x00000000
ESP=0x15c2f558, EBP=0x15c2f55c, ESI=0x1569d400, EDI=0x01498378
EIP=0x6c5daa3d, EFLAGS=0x00010202

Top of Stack: (sp=0x15c2f558)
0x15c2f558:   1569d400 15c2f584 6c737914 003b002a
0x15c2f568:   15c2f63c 15c2f5bf 1569d400 00000000
0x15c2f578:   00000000 00000000 1569d400 15c2f5c0
0x15c2f588:   6d8e9f80 01498378 003b002a 15c2f5bf
0x15c2f598:   003b002a 6d8d436d 003b002a 15c2f5bf
0x15c2f5a8:   00000007 00000000 00000000 00000008
0x15c2f5b8:   00000000 006639d0 15c2f5e0 6d8d44e0
0x15c2f5c8:   00000001 15c2f5fc 15c2f638 157872f0 

Instructions: (pc=0x6c5daa3d)
0x6c5daa1d:   5d c3 52 e8 5b f9 ff ff 5d c3 cc cc cc cc cc cc
0x6c5daa2d:   cc cc cc 55 8b ec 8b 45 08 85 c0 75 02 5d c3 56
0x6c5daa3d:   8b 30 85 f6 74 17 83 fe 37 74 12 8b 06 8b 50 08
0x6c5daa4d:   8b ce ff d2 84 c0 74 05 8b c6 5e 5d c3 33 c0 5e 


Register to memory mapping:

EAX=0x003b002a is an unknown value
EBX=0x00000000 is an unknown value
ECX=0x003b002a is an unknown value
EDX=0x00000000 is an unknown value
ESP=0x15c2f558 is pointing into the stack for thread: 0x1569d400
EBP=0x15c2f55c is pointing into the stack for thread: 0x1569d400
ESI=0x1569d400 is a thread
EDI=0x01498378 is an unknown value


Stack: [0x15be0000,0x15c30000],  sp=0x15c2f558,  free space=317k
Native frames: (J=compiled Java code, j=interpreted, Vv=VM code, C=native code)
V  [jvm.dll+0xcaa3d]
V  [jvm.dll+0x227914]
C  [jdwp.dll+0x19f80]
C  [jdwp.dll+0x44e0]
C  [jdwp.dll+0x451e]
C  0x64731501


---------------  P R O C E S S  ---------------

Java Threads: ( => current thread )
  0x156ae000 JavaThread "Service Thread" daemon [_thread_blocked, id=13084, stack(0x15e20000,0x15e70000)]
  0x156a8c00 JavaThread "C1 CompilerThread0" daemon [_thread_blocked, id=9604, stack(0x15d90000,0x15de0000)]
  0x156a3000 JavaThread "JDWP Command Reader" daemon [_thread_in_native, id=21848, stack(0x15d00000,0x15d50000)]
  0x156a0000 JavaThread "JDWP Event Helper Thread" daemon [_thread_blocked, id=18380, stack(0x15c70000,0x15cc0000)]
=>0x1569d400 JavaThread "JDWP Transport Listener: dt_socket" daemon [_thread_in_vm, id=2452, stack(0x15be0000,0x15c30000)]
  0x1568f400 JavaThread "Attach Listener" daemon [_thread_blocked, id=22240, stack(0x15b50000,0x15ba0000)]
  0x1568d400 JavaThread "Signal Dispatcher" daemon [_thread_blocked, id=9468, stack(0x15ac0000,0x15b10000)]
  0x15669400 JavaThread "Finalizer" daemon [_thread_blocked, id=21040, stack(0x15940000,0x15990000)]
  0x15664800 JavaThread "Reference Handler" daemon [_thread_blocked, id=8356, stack(0x158b0000,0x15900000)]
  0x0149dc00 JavaThread "main" [_thread_blocked, id=21812, stack(0x01740000,0x01790000)]

Other Threads:
  0x15660400 VMThread [stack: 0x15860000,0x158b0000] [id=7340]
  0x156c1400 WatcherThread [stack: 0x15eb0000,0x15f00000] [id=10184]

VM state:not at safepoint (normal execution)

VM Mutex/Monitor currently owned by a thread: None

Heap:
 def new generation   total 4928K, used 1000K [0x05200000, 0x05750000, 0x0a750000)
  eden space 4416K,  22% used [0x05200000, 0x052fa198, 0x05650000)
  from space 512K,   0% used [0x05650000, 0x05650000, 0x056d0000)
  to   space 512K,   0% used [0x056d0000, 0x056d0000, 0x05750000)
 tenured generation   total 10944K, used 0K [0x0a750000, 0x0b200000, 0x15200000)
   the space 10944K,   0% used [0x0a750000, 0x0a750000, 0x0a750200, 0x0b200000)
 Metaspace       used 2130K, capacity 2408K, committed 2496K, reserved 4480K

Card table byte_map: [0x05090000,0x05120000] byte_map_base: 0x05067000

Polling page: 0x01790000

CodeCache: size=32768Kb used=712Kb max_used=712Kb free=32055Kb
 bounds [0x03010000, 0x030c8000, 0x05010000]
 total_blobs=172 nmethods=27 adapters=85
 compilation: enabled

Compilation events (10 events):
Event: 0.284 Thread 0x156a8c00   23   !         java.io.BufferedReader::readLine (304 bytes)
Event: 0.286 Thread 0x156a8c00 nmethod 23 0x030bdec8 code [0x030be090, 0x030bece4]
Event: 0.288 Thread 0x156a8c00   24             java.lang.String::indexOf (166 bytes)
Event: 0.289 Thread 0x156a8c00 nmethod 24 0x030bf808 code [0x030bf920, 0x030bfb70]
Event: 0.294 Thread 0x156a8c00   25             java.lang.String::replace (127 bytes)
Event: 0.295 Thread 0x156a8c00 nmethod 25 0x030bfec8 code [0x030bffe0, 0x030c0270]
Event: 22.839 Thread 0x156a8c00   26             java.io.WinNTFileSystem::normalize (143 bytes)
Event: 22.840 Thread 0x156a8c00 nmethod 26 0x030c18c8 code [0x030c1a20, 0x030c1cbc]
Event: 36.442 Thread 0x156a8c00   27             java.lang.String::startsWith (72 bytes)
Event: 36.442 Thread 0x156a8c00 nmethod 27 0x030c2008 code [0x030c2110, 0x030c2250]

GC Heap History (0 events):
No events

Deoptimization events (0 events):
No events

Internal exceptions (3 events):
Event: 0.096 Thread 0x0149dc00 Exception <a 'java/lang/NoSuchMethodError': Method sun.misc.Unsafe.defineClass(Ljava/lang/String;[BII)Ljava/lang/Class; name or signature does not match> (0x0520d028) thrown at [C:\re\workspace\8-2-build-windows-i586-cygwin\jdk8u66\5298\hotspot\src\share\v†ãhk¢¸?
Event: 0.096 Thread 0x0149dc00 Exception <a 'java/lang/NoSuchMethodError': Method sun.misc.Unsafe.prefetchRead(Ljava/lang/Object;J)V name or signature does not match> (0x0520d2f8) thrown at [C:\re\workspace\8-2-build-windows-i586-cygwin\jdk8u66\5298\hotspot\src\share\vm\prims\jni.cpp, lÿÜÇ;ìà6@
Event: 22.879 Thread 0x0149dc00 Exception <a 'sun/nio/fs/WindowsException'> (0x052e5c98) thrown at [C:\re\workspace\8-2-build-windows-i586-cygwin\jdk8u66\5298\hotspot\src\share\vm\prims\jni.cpp, line 709]

Events (10 events):
Event: 9460.262 Executing VM operation: ChangeBreakpoints
Event: 9460.262 Executing VM operation: ChangeBreakpoints done
Event: 9460.263 Executing VM operation: ChangeBreakpoints
Event: 9460.263 Executing VM operation: ChangeBreakpoints done
Event: 9468.501 Executing VM operation: ChangeBreakpoints
Event: 9468.501 Executing VM operation: ChangeBreakpoints done
Event: 9468.502 Executing VM operation: ChangeBreakpoints
Event: 9468.502 Executing VM operation: ChangeBreakpoints done
Event: 9468.514 Executing VM operation: RedefineClasses
Event: 9468.520 Executing VM operation: RedefineClasses done


Dynamic libraries:
0x001e0000 - 0x00213000 	E:\Program Files (x86)\Java\jdk1.8.0_66\bin\java.exe
0x776c0000 - 0x77843000 	C:\WINDOWS\SYSTEM32\ntdll.dll
0x76eb0000 - 0x76f90000 	C:\WINDOWS\System32\KERNEL32.DLL
0x77510000 - 0x776b1000 	C:\WINDOWS\System32\KERNELBASE.dll
0x66950000 - 0x669e2000 	C:\WINDOWS\system32\apphelp.dll
0x76c10000 - 0x76c87000 	C:\WINDOWS\System32\ADVAPI32.dll
0x74a20000 - 0x74ade000 	C:\WINDOWS\System32\msvcrt.dll
0x76000000 - 0x76041000 	C:\WINDOWS\System32\sechost.dll
0x76b00000 - 0x76bc1000 	C:\WINDOWS\System32\RPCRT4.dll
0x74160000 - 0x7417e000 	C:\WINDOWS\System32\SspiCli.dll
0x74150000 - 0x7415a000 	C:\WINDOWS\System32\CRYPTBASE.dll
0x76520000 - 0x7657a000 	C:\WINDOWS\System32\bcryptPrimitives.dll
0x768f0000 - 0x76a4f000 	C:\WINDOWS\System32\USER32.dll
0x76c90000 - 0x76ca5000 	C:\WINDOWS\System32\win32u.dll
0x762c0000 - 0x762eb000 	C:\WINDOWS\System32\GDI32.dll
0x76cd0000 - 0x76e2b000 	C:\WINDOWS\System32\gdi32full.dll
0x73ed0000 - 0x740da000 	C:\WINDOWS\WinSxS\x86_microsoft.windows.common-controls_6595b64144ccf1df_6.0.14393.953_none_89c2555adb023171\COMCTL32.dll
0x76580000 - 0x76791000 	C:\WINDOWS\System32\combase.dll
0x75ec0000 - 0x75fa0000 	C:\WINDOWS\System32\ucrtbase.dll
0x76be0000 - 0x76c05000 	C:\WINDOWS\System32\IMM32.DLL
0x77b00000 - 0x77bbf000 	E:\Program Files (x86)\Java\jdk1.8.0_66\jre\bin\msvcr100.dll
0x6c510000 - 0x6c8d5000 	E:\Program Files (x86)\Java\jdk1.8.0_66\jre\bin\client\jvm.dll
0x76510000 - 0x76516000 	C:\WINDOWS\System32\PSAPI.DLL
0x73ec0000 - 0x73ec8000 	C:\WINDOWS\SYSTEM32\WSOCK32.dll
0x70880000 - 0x708a4000 	C:\WINDOWS\SYSTEM32\WINMM.dll
0x74130000 - 0x74138000 	C:\WINDOWS\SYSTEM32\VERSION.dll
0x764a0000 - 0x76503000 	C:\WINDOWS\System32\WS2_32.dll
0x016a0000 - 0x016c3000 	C:\WINDOWS\SYSTEM32\WINMMBASE.dll
0x76840000 - 0x76876000 	C:\WINDOWS\System32\cfgmgr32.dll
0x50530000 - 0x5053c000 	E:\Program Files (x86)\Java\jdk1.8.0_66\jre\bin\verify.dll
0x6d9e0000 - 0x6da01000 	E:\Program Files (x86)\Java\jdk1.8.0_66\jre\bin\java.dll
0x6d8d0000 - 0x6d8f9000 	E:\Program Files (x86)\Java\jdk1.8.0_66\jre\bin\jdwp.dll
0x500b0000 - 0x500b7000 	E:\Program Files (x86)\Java\jdk1.8.0_66\jre\bin\npt.dll
0x6fa70000 - 0x6fa83000 	E:\Program Files (x86)\Java\jdk1.8.0_66\jre\bin\zip.dll
0x74ae0000 - 0x75eb8000 	C:\WINDOWS\System32\SHELL32.dll
0x76fa0000 - 0x7750e000 	C:\WINDOWS\System32\windows.storage.dll
0x76350000 - 0x76395000 	C:\WINDOWS\System32\powrprof.dll
0x74800000 - 0x74846000 	C:\WINDOWS\System32\shlwapi.dll
0x76bd0000 - 0x76bdd000 	C:\WINDOWS\System32\kernel.appcore.dll
0x76070000 - 0x760f8000 	C:\WINDOWS\System32\shcore.dll
0x76490000 - 0x7649f000 	C:\WINDOWS\System32\profapi.dll
0x500a0000 - 0x500a8000 	E:\Program Files (x86)\Java\jdk1.8.0_66\jre\bin\dt_socket.dll
0x70b30000 - 0x70b7e000 	C:\WINDOWS\system32\mswsock.dll
0x6ff70000 - 0x6ff86000 	E:\Program Files (x86)\Java\jdk1.8.0_66\jre\bin\net.dll
0x6f820000 - 0x6f82f000 	E:\Program Files (x86)\Java\jdk1.8.0_66\jre\bin\nio.dll
0x6e960000 - 0x6eaa5000 	C:\WINDOWS\SYSTEM32\dbghelp.dll

VM Arguments:
jvm_args: -agentlib:jdwp=transport=dt_socket,address=127.0.0.1:35812,suspend=y,server=n -Dfile.encoding=UTF-8 
java_command: nrnoble.Main2
java_class_path (initial): E:\Program Files (x86)\Java\jdk1.8.0_66\jre\lib\charsets.jar;E:\Program Files (x86)\Java\jdk1.8.0_66\jre\lib\deploy.jar;E:\Program Files (x86)\Java\jdk1.8.0_66\jre\lib\ext\access-bridge-32.jar;E:\Program Files (x86)\Java\jdk1.8.0_66\jre\lib\ext\cldrdata.jar;E:\Program Files (x86)\Java\jdk1.8.0_66\jre\lib\ext\dnsns.jar;E:\Program Files (x86)\Java\jdk1.8.0_66\jre\lib\ext\jaccess.jar;E:\Program Files (x86)\Java\jdk1.8.0_66\jre\lib\ext\jfxrt.jar;E:\Program Files (x86)\Java\jdk1.8.0_66\jre\lib\ext\localedata.jar;E:\Program Files (x86)\Java\jdk1.8.0_66\jre\lib\ext\nashorn.jar;E:\Program Files (x86)\Java\jdk1.8.0_66\jre\lib\ext\sunec.jar;E:\Program Files (x86)\Java\jdk1.8.0_66\jre\lib\ext\sunjce_provider.jar;E:\Program Files (x86)\Java\jdk1.8.0_66\jre\lib\ext\sunmscapi.jar;E:\Program Files (x86)\Java\jdk1.8.0_66\jre\lib\ext\sunpkcs11.jar;E:\Program Files (x86)\Java\jdk1.8.0_66\jre\lib\ext\zipfs.jar;E:\Program Files (x86)\Java\jdk1.8.0_66\jre\lib\javaws.jar;E:\Program Files (x86)\Java\jdk1.8.0_66\jre\lib\jce.jar;E:\Program Files (x86)\Java\jdk1.8.0_66\jre\lib\jfr.jar;E:\Program Files (x86)\Java\jdk1.8.0_66\jre\lib\jfxswt.jar;E:\Program Files (x86)\Java\jdk1.8.0_66\jre\lib\jsse.jar;E:\Program Files (x86)\Java\jdk1.8.0_66\jre\lib\management-agent.jar;E:\Program Files (x86)\Java\jdk1.8.0_66\jre\lib\plugin.jar;E:\Program Files (x86)\Java\jdk1.8.0_66\jre\lib\resources.jar;E:\Program Files (x86)\Java\jdk1.8.0_66\jre\lib\rt.jar;E:\Data\Github\it333\Iterative Binary Search Tree\out\production\Iterative Binary Search Tree;E:\Program Files (x86)\JetBrains\IntelliJ IDEA 2016.1.4\lib\idea_rt.jar
Launcher Type: SUN_STANDARD

Environment Variables:
USERNAME=Neal
OS=Windows_NT
PROCESSOR_IDENTIFIER=Intel64 Family 6 Model 26 Stepping 5, GenuineIntel



---------------  S Y S T E M  ---------------

OS: Windows 10.0 , 64 bit Build 14393 (10.0.14393.1198)

CPU:total 8 (4 cores per cpu, 2 threads per core) family 6 model 26 stepping 5, cmov, cx8, fxsr, mmx, sse, sse2, sse3, ssse3, sse4.1, sse4.2, popcnt, ht, tsc, tscinvbit, tscinv

Memory: 4k page, physical 25156788k(12608684k free), swap 49348116k(26586708k free)

vm_info: Java HotSpot(TM) Client VM (25.66-b18) for windows-x86 JRE (1.8.0_66-b18), built on Nov  9 2015 10:58:29 by "java_re" with MS VC++ 10.0 (VS2010)

time: Wed May 17 01:30:57 2017
elapsed time: 9468 seconds (0d 2h 37m 48s)

